# JRE version: OpenJDK Runtime Environment Temurin-21.0.6+7 (21.0.6+7) (build 21.0.6+7-LTS)
# Java VM: OpenJDK 64-Bit Server VM Temurin-21.0.6+7 (21.0.6+7-LTS, mixed mode, sharing, tiered, compressed oops, compressed class ptrs, parallel gc, windows-amd64)
GC Precious Log:
 CardTable entry size: 512
 CPUs: 4 total, 4 available
 Memory: 12167M
 Large Page Support: Disabled
 NUMA Support: Disabled
 Compressed Oops: Enabled (32-bit)
 Alignments: Space 512K, Generation 512K, Heap 2M
 Heap Min Capacity: 100M
 Heap Initial Capacity: 100M
 Heap Max Capacity: 1G
 Pre-touch: Disabled
 Parallel Workers: 4
Heap:
 PSYoungGen      total 3584K, used 3584K [0x00000000eab00000, 0x00000000eb280000, 0x0000000100000000)
  eden space 2560K, 100% used [0x00000000eab00000,0x00000000ead80000,0x00000000ead80000)
  from space 1024K, 100% used [0x00000000ead80000,0x00000000eae80000,0x00000000eae80000)
  to   space 2560K, 0% used [0x00000000eb000000,0x00000000eb000000,0x00000000eb280000)
 ParOldGen       total 177152K, used 119963K [0x00000000c0000000, 0x00000000cad00000, 0x00000000eab00000)
  object space 177152K, 67% used [0x00000000c0000000,0x00000000c7526cd0,0x00000000cad00000)
 Metaspace       used 74257K, committed 75776K, reserved 1179648K
  class space    used 7368K, committed 8064K, reserved 1048576K
GC Heap History (20 events):
Event: 163.204 GC heap before
{Heap before GC invocations=332 (full 4):
 PSYoungGen      total 2048K, used 2032K [0x00000000eab00000, 0x00000000eae80000, 0x0000000100000000)
  eden space 1536K, 100% used [0x00000000eab00000,0x00000000eac80000,0x00000000eac80000)
  from space 512K, 96% used [0x00000000ead00000,0x00000000ead7c010,0x00000000ead80000)
  to   space 1024K, 0% used [0x00000000ead80000,0x00000000ead80000,0x00000000eae80000)
 ParOldGen       total 177152K, used 113158K [0x00000000c0000000, 0x00000000cad00000, 0x00000000eab00000)
  object space 177152K, 63% used [0x00000000c0000000,0x00000000c6e819e0,0x00000000cad00000)
 Metaspace       used 74229K, committed 75776K, reserved 1179648K
  class space    used 7368K, committed 8064K, reserved 1048576K
}
Event: 163.206 GC heap after
{Heap after GC invocations=332 (full 4):
 PSYoungGen      total 2048K, used 480K [0x00000000eab00000, 0x00000000eae00000, 0x0000000100000000)
  eden space 1536K, 0% used [0x00000000eab00000,0x00000000eab00000,0x00000000eac80000)
  from space 512K, 93% used [0x00000000ead80000,0x00000000eadf8000,0x00000000eae00000)
  to   space 512K, 0% used [0x00000000ead00000,0x00000000ead00000,0x00000000ead80000)
 ParOldGen       total 177152K, used 113174K [0x00000000c0000000, 0x00000000cad00000, 0x00000000eab00000)
  object space 177152K, 63% used [0x00000000c0000000,0x00000000c6e859e0,0x00000000cad00000)
 Metaspace       used 74229K, committed 75776K, reserved 1179648K
  class space    used 7368K, committed 8064K, reserved 1048576K
}
Event: 163.774 GC heap before
{Heap before GC invocations=333 (full 4):
 PSYoungGen      total 2048K, used 2016K [0x00000000eab00000, 0x00000000eae00000, 0x0000000100000000)
  eden space 1536K, 100% used [0x00000000eab00000,0x00000000eac80000,0x00000000eac80000)
  from space 512K, 93% used [0x00000000ead80000,0x00000000eadf8000,0x00000000eae00000)
  to   space 512K, 0% used [0x00000000ead00000,0x00000000ead00000,0x00000000ead80000)
 ParOldGen       total 177152K, used 113174K [0x00000000c0000000, 0x00000000cad00000, 0x00000000eab00000)
  object space 177152K, 63% used [0x00000000c0000000,0x00000000c6e859e0,0x00000000cad00000)
 Metaspace       used 74252K, committed 75776K, reserved 1179648K
  class space    used 7368K, committed 8064K, reserved 1048576K
}
Event: 163.775 GC heap after
{Heap after GC invocations=333 (full 4):
 PSYoungGen      total 2048K, used 192K [0x00000000eab00000, 0x00000000eae00000, 0x0000000100000000)
  eden space 1536K, 0% used [0x00000000eab00000,0x00000000eab00000,0x00000000eac80000)
  from space 512K, 37% used [0x00000000ead00000,0x00000000ead30000,0x00000000ead80000)
  to   space 512K, 0% used [0x00000000ead80000,0x00000000ead80000,0x00000000eae00000)
 ParOldGen       total 177152K, used 113182K [0x00000000c0000000, 0x00000000cad00000, 0x00000000eab00000)
  object space 177152K, 63% used [0x00000000c0000000,0x00000000c6e879e0,0x00000000cad00000)
 Metaspace       used 74252K, committed 75776K, reserved 1179648K
  class space    used 7368K, committed 8064K, reserved 1048576K
}
Event: 163.795 GC heap before
{Heap before GC invocations=334 (full 4):
 PSYoungGen      total 2048K, used 1728K [0x00000000eab00000, 0x00000000eae00000, 0x0000000100000000)
  eden space 1536K, 100% used [0x00000000eab00000,0x00000000eac80000,0x00000000eac80000)
  from space 512K, 37% used [0x00000000ead00000,0x00000000ead30000,0x00000000ead80000)
  to   space 512K, 0% used [0x00000000ead80000,0x00000000ead80000,0x00000000eae00000)
 ParOldGen       total 177152K, used 113182K [0x00000000c0000000, 0x00000000cad00000, 0x00000000eab00000)
  object space 177152K, 63% used [0x00000000c0000000,0x00000000c6e879e0,0x00000000cad00000)
 Metaspace       used 74252K, committed 75776K, reserved 1179648K
  class space    used 7368K, committed 8064K, reserved 1048576K
}
Event: 163.797 GC heap after
{Heap after GC invocations=334 (full 4):
 PSYoungGen      total 1536K, used 499K [0x00000000eab00000, 0x00000000eaf80000, 0x0000000100000000)
  eden space 1024K, 0% used [0x00000000eab00000,0x00000000eab00000,0x00000000eac00000)
  from space 512K, 97% used [0x00000000ead80000,0x00000000eadfcf28,0x00000000eae00000)
  to   space 1536K, 0% used [0x00000000eac00000,0x00000000eac00000,0x00000000ead80000)
 ParOldGen       total 177152K, used 113650K [0x00000000c0000000, 0x00000000cad00000, 0x00000000eab00000)
  object space 177152K, 64% used [0x00000000c0000000,0x00000000c6efc908,0x00000000cad00000)
 Metaspace       used 74252K, committed 75776K, reserved 1179648K
  class space    used 7368K, committed 8064K, reserved 1048576K
}
Event: 163.800 GC heap before
{Heap before GC invocations=335 (full 4):
 PSYoungGen      total 1536K, used 1523K [0x00000000eab00000, 0x00000000eaf80000, 0x0000000100000000)
  eden space 1024K, 100% used [0x00000000eab00000,0x00000000eac00000,0x00000000eac00000)
  from space 512K, 97% used [0x00000000ead80000,0x00000000eadfcf28,0x00000000eae00000)
  to   space 1536K, 0% used [0x00000000eac00000,0x00000000eac00000,0x00000000ead80000)
 ParOldGen       total 177152K, used 113650K [0x00000000c0000000, 0x00000000cad00000, 0x00000000eab00000)
  object space 177152K, 64% used [0x00000000c0000000,0x00000000c6efc908,0x00000000cad00000)
 Metaspace       used 74252K, committed 75776K, reserved 1179648K
  class space    used 7368K, committed 8064K, reserved 1048576K
}
Event: 163.801 GC heap after
{Heap after GC invocations=335 (full 4):
 PSYoungGen      total 2560K, used 1024K [0x00000000eab00000, 0x00000000eaf00000, 0x0000000100000000)
  eden space 1024K, 0% used [0x00000000eab00000,0x00000000eab00000,0x00000000eac00000)
  from space 1536K, 66% used [0x00000000eac00000,0x00000000ead00000,0x00000000ead80000)
  to   space 1536K, 0% used [0x00000000ead80000,0x00000000ead80000,0x00000000eaf00000)
 ParOldGen       total 177152K, used 114166K [0x00000000c0000000, 0x00000000cad00000, 0x00000000eab00000)
  object space 177152K, 64% used [0x00000000c0000000,0x00000000c6f7d840,0x00000000cad00000)
 Metaspace       used 74252K, committed 75776K, reserved 1179648K
  class space    used 7368K, committed 8064K, reserved 1048576K
}
Event: 163.804 GC heap before
{Heap before GC invocations=336 (full 4):
 PSYoungGen      total 2560K, used 2048K [0x00000000eab00000, 0x00000000eaf00000, 0x0000000100000000)
  eden space 1024K, 100% used [0x00000000eab00000,0x00000000eac00000,0x00000000eac00000)
  from space 1536K, 66% used [0x00000000eac00000,0x00000000ead00000,0x00000000ead80000)
  to   space 1536K, 0% used [0x00000000ead80000,0x00000000ead80000,0x00000000eaf00000)
 ParOldGen       total 177152K, used 114166K [0x00000000c0000000, 0x00000000cad00000, 0x00000000eab00000)
  object space 177152K, 64% used [0x00000000c0000000,0x00000000c6f7d840,0x00000000cad00000)
 Metaspace       used 74252K, committed 75776K, reserved 1179648K
  class space    used 7368K, committed 8064K, reserved 1048576K
}
Event: 163.805 GC heap after
{Heap after GC invocations=336 (full 4):
 PSYoungGen      total 2560K, used 1056K [0x00000000eab00000, 0x00000000eaf00000, 0x0000000100000000)
  eden space 1024K, 0% used [0x00000000eab00000,0x00000000eab00000,0x00000000eac00000)
  from space 1536K, 68% used [0x00000000ead80000,0x00000000eae88000,0x00000000eaf00000)
  to   space 1536K, 0% used [0x00000000eac00000,0x00000000eac00000,0x00000000ead80000)
 ParOldGen       total 177152K, used 115134K [0x00000000c0000000, 0x00000000cad00000, 0x00000000eab00000)
  object space 177152K, 64% used [0x00000000c0000000,0x00000000c706f840,0x00000000cad00000)
 Metaspace       used 74252K, committed 75776K, reserved 1179648K
  class space    used 7368K, committed 8064K, reserved 1048576K
}
Event: 163.808 GC heap before
{Heap before GC invocations=337 (full 4):
 PSYoungGen      total 2560K, used 2080K [0x00000000eab00000, 0x00000000eaf00000, 0x0000000100000000)
  eden space 1024K, 100% used [0x00000000eab00000,0x00000000eac00000,0x00000000eac00000)
  from space 1536K, 68% used [0x00000000ead80000,0x00000000eae88000,0x00000000eaf00000)
  to   space 1536K, 0% used [0x00000000eac00000,0x00000000eac00000,0x00000000ead80000)
 ParOldGen       total 177152K, used 115134K [0x00000000c0000000, 0x00000000cad00000, 0x00000000eab00000)
  object space 177152K, 64% used [0x00000000c0000000,0x00000000c706f840,0x00000000cad00000)
 Metaspace       used 74252K, committed 75776K, reserved 1179648K
  class space    used 7368K, committed 8064K, reserved 1048576K
}
Event: 163.810 GC heap after
{Heap after GC invocations=337 (full 4):
 PSYoungGen      total 2560K, used 1024K [0x00000000eab00000, 0x00000000eaf80000, 0x0000000100000000)
  eden space 1024K, 0% used [0x00000000eab00000,0x00000000eab00000,0x00000000eac00000)
  from space 1536K, 66% used [0x00000000eac00000,0x00000000ead00000,0x00000000ead80000)
  to   space 1536K, 0% used [0x00000000eae00000,0x00000000eae00000,0x00000000eaf80000)
 ParOldGen       total 177152K, used 116150K [0x00000000c0000000, 0x00000000cad00000, 0x00000000eab00000)
  object space 177152K, 65% used [0x00000000c0000000,0x00000000c716d840,0x00000000cad00000)
 Metaspace       used 74252K, committed 75776K, reserved 1179648K
  class space    used 7368K, committed 8064K, reserved 1048576K
}
Event: 163.812 GC heap before
{Heap before GC invocations=338 (full 4):
 PSYoungGen      total 2560K, used 2048K [0x00000000eab00000, 0x00000000eaf80000, 0x0000000100000000)
  eden space 1024K, 100% used [0x00000000eab00000,0x00000000eac00000,0x00000000eac00000)
  from space 1536K, 66% used [0x00000000eac00000,0x00000000ead00000,0x00000000ead80000)
  to   space 1536K, 0% used [0x00000000eae00000,0x00000000eae00000,0x00000000eaf80000)
 ParOldGen       total 177152K, used 116150K [0x00000000c0000000, 0x00000000cad00000, 0x00000000eab00000)
  object space 177152K, 65% used [0x00000000c0000000,0x00000000c716d840,0x00000000cad00000)
 Metaspace       used 74252K, committed 75776K, reserved 1179648K
  class space    used 7368K, committed 8064K, reserved 1048576K
}
Event: 163.815 GC heap after
{Heap after GC invocations=338 (full 4):
 PSYoungGen      total 3072K, used 1088K [0x00000000eab00000, 0x00000000eaf80000, 0x0000000100000000)
  eden space 1536K, 0% used [0x00000000eab00000,0x00000000eab00000,0x00000000eac80000)
  from space 1536K, 70% used [0x00000000eae00000,0x00000000eaf10000,0x00000000eaf80000)
  to   space 1536K, 0% used [0x00000000eac80000,0x00000000eac80000,0x00000000eae00000)
 ParOldGen       total 177152K, used 117158K [0x00000000c0000000, 0x00000000cad00000, 0x00000000eab00000)
  object space 177152K, 66% used [0x00000000c0000000,0x00000000c7269840,0x00000000cad00000)
 Metaspace       used 74252K, committed 75776K, reserved 1179648K
  class space    used 7368K, committed 8064K, reserved 1048576K
}
Event: 163.822 GC heap before
{Heap before GC invocations=339 (full 4):
 PSYoungGen      total 3072K, used 2624K [0x00000000eab00000, 0x00000000eaf80000, 0x0000000100000000)
  eden space 1536K, 100% used [0x00000000eab00000,0x00000000eac80000,0x00000000eac80000)
  from space 1536K, 70% used [0x00000000eae00000,0x00000000eaf10000,0x00000000eaf80000)
  to   space 1536K, 0% used [0x00000000eac80000,0x00000000eac80000,0x00000000eae00000)
 ParOldGen       total 177152K, used 117158K [0x00000000c0000000, 0x00000000cad00000, 0x00000000eab00000)
  object space 177152K, 66% used [0x00000000c0000000,0x00000000c7269840,0x00000000cad00000)
 Metaspace       used 74252K, committed 75776K, reserved 1179648K
  class space    used 7368K, committed 8064K, reserved 1048576K
}
Event: 163.824 GC heap after
{Heap after GC invocations=339 (full 4):
 PSYoungGen      total 3072K, used 1024K [0x00000000eab00000, 0x00000000eb000000, 0x0000000100000000)
  eden space 1536K, 0% used [0x00000000eab00000,0x00000000eab00000,0x00000000eac80000)
  from space 1536K, 66% used [0x00000000eac80000,0x00000000ead80020,0x00000000eae00000)
  to   space 1536K, 0% used [0x00000000eae80000,0x00000000eae80000,0x00000000eb000000)
 ParOldGen       total 177152K, used 118174K [0x00000000c0000000, 0x00000000cad00000, 0x00000000eab00000)
  object space 177152K, 66% used [0x00000000c0000000,0x00000000c7367840,0x00000000cad00000)
 Metaspace       used 74252K, committed 75776K, reserved 1179648K
  class space    used 7368K, committed 8064K, reserved 1048576K
}
Event: 163.826 GC heap before
{Heap before GC invocations=340 (full 4):
 PSYoungGen      total 3072K, used 2560K [0x00000000eab00000, 0x00000000eb000000, 0x0000000100000000)
  eden space 1536K, 99% used [0x00000000eab00000,0x00000000eac7fff8,0x00000000eac80000)
  from space 1536K, 66% used [0x00000000eac80000,0x00000000ead80020,0x00000000eae00000)
  to   space 1536K, 0% used [0x00000000eae80000,0x00000000eae80000,0x00000000eb000000)
 ParOldGen       total 177152K, used 118174K [0x00000000c0000000, 0x00000000cad00000, 0x00000000eab00000)
  object space 177152K, 66% used [0x00000000c0000000,0x00000000c7367840,0x00000000cad00000)
 Metaspace       used 74252K, committed 75776K, reserved 1179648K
  class space    used 7368K, committed 8064K, reserved 1048576K
}
Event: 163.828 GC heap after
{Heap after GC invocations=340 (full 4):
 PSYoungGen      total 3072K, used 832K [0x00000000eab00000, 0x00000000eaf80000, 0x0000000100000000)
  eden space 2048K, 0% used [0x00000000eab00000,0x00000000eab00000,0x00000000ead00000)
  from space 1024K, 81% used [0x00000000eae80000,0x00000000eaf50000,0x00000000eaf80000)
  to   space 1024K, 0% used [0x00000000ead80000,0x00000000ead80000,0x00000000eae80000)
 ParOldGen       total 177152K, used 119078K [0x00000000c0000000, 0x00000000cad00000, 0x00000000eab00000)
  object space 177152K, 67% used [0x00000000c0000000,0x00000000c7449840,0x00000000cad00000)
 Metaspace       used 74252K, committed 75776K, reserved 1179648K
  class space    used 7368K, committed 8064K, reserved 1048576K
}
Event: 163.841 GC heap before
{Heap before GC invocations=341 (full 4):
 PSYoungGen      total 3072K, used 2545K [0x00000000eab00000, 0x00000000eaf80000, 0x0000000100000000)
  eden space 2048K, 83% used [0x00000000eab00000,0x00000000eacac670,0x00000000ead00000)
  from space 1024K, 81% used [0x00000000eae80000,0x00000000eaf50000,0x00000000eaf80000)
  to   space 1024K, 0% used [0x00000000ead80000,0x00000000ead80000,0x00000000eae80000)
 ParOldGen       total 177152K, used 119078K [0x00000000c0000000, 0x00000000cad00000, 0x00000000eab00000)
  object space 177152K, 67% used [0x00000000c0000000,0x00000000c7449840,0x00000000cad00000)
 Metaspace       used 74255K, committed 75776K, reserved 1179648K
  class space    used 7368K, committed 8064K, reserved 1048576K
}
Event: 163.844 GC heap after
{Heap after GC invocations=341 (full 4):
 PSYoungGen      total 3584K, used 1024K [0x00000000eab00000, 0x00000000eb280000, 0x0000000100000000)
  eden space 2560K, 0% used [0x00000000eab00000,0x00000000eab00000,0x00000000ead80000)
  from space 1024K, 100% used [0x00000000ead80000,0x00000000eae80000,0x00000000eae80000)
  to   space 2560K, 0% used [0x00000000eb000000,0x00000000eb000000,0x00000000eb280000)
 ParOldGen       total 177152K, used 119963K [0x00000000c0000000, 0x00000000cad00000, 0x00000000eab00000)
  object space 177152K, 67% used [0x00000000c0000000,0x00000000c7526cd0,0x00000000cad00000)
 Metaspace       used 74255K, committed 75776K, reserved 1179648K
  class space    used 7368K, committed 8064K, reserved 1048576K
}

