# JRE version: OpenJDK Runtime Environment Temurin-21.0.6+7 (21.0.6+7) (build 21.0.6+7-LTS)
# Java VM: OpenJDK 64-Bit Server VM Temurin-21.0.6+7 (21.0.6+7-LTS, mixed mode, sharing, tiered, compressed oops, compressed class ptrs, parallel gc, windows-amd64)
GC Precious Log:
 CardTable entry size: 512
 CPUs: 4 total, 4 available
 Memory: 12167M
 Large Page Support: Disabled
 NUMA Support: Disabled
 Compressed Oops: Enabled (32-bit)
 Alignments: Space 512K, Generation 512K, Heap 2M
 Heap Min Capacity: 100M
 Heap Initial Capacity: 100M
 Heap Max Capacity: 1G
 Pre-touch: Disabled
 Parallel Workers: 4
Heap:
 PSYoungGen      total 20992K, used 2537K [0x00000000eab00000, 0x00000000ec600000, 0x0000000100000000)
  eden space 19968K, 7% used [0x00000000eab00000,0x00000000eac7e3f0,0x00000000ebe80000)
  from space 1024K, 98% used [0x00000000ec180000,0x00000000ec27c030,0x00000000ec280000)
  to   space 3072K, 0% used [0x00000000ebe80000,0x00000000ebe80000,0x00000000ec180000)
 ParOldGen       total 68608K, used 31164K [0x00000000c0000000, 0x00000000c4300000, 0x00000000eab00000)
  object space 68608K, 45% used [0x00000000c0000000,0x00000000c1e6f1f0,0x00000000c4300000)
 Metaspace       used 40753K, committed 41664K, reserved 1114112K
  class space    used 3973K, committed 4416K, reserved 1048576K
GC Heap History (20 events):
Event: 9.004 GC heap before
{Heap before GC invocations=15 (full 1):
 PSYoungGen      total 24576K, used 24128K [0x00000000eab00000, 0x00000000ec580000, 0x0000000100000000)
  eden space 22016K, 100% used [0x00000000eab00000,0x00000000ec080000,0x00000000ec080000)
  from space 2560K, 82% used [0x00000000ec200000,0x00000000ec410000,0x00000000ec480000)
  to   space 1024K, 0% used [0x00000000ec480000,0x00000000ec480000,0x00000000ec580000)
 ParOldGen       total 68608K, used 20469K [0x00000000c0000000, 0x00000000c4300000, 0x00000000eab00000)
  object space 68608K, 29% used [0x00000000c0000000,0x00000000c13fd438,0x00000000c4300000)
 Metaspace       used 32289K, committed 33280K, reserved 1114112K
  class space    used 3170K, committed 3648K, reserved 1048576K
}
Event: 9.019 GC heap after
{Heap after GC invocations=15 (full 1):
 PSYoungGen      total 22528K, used 1024K [0x00000000eab00000, 0x00000000ec980000, 0x0000000100000000)
  eden space 21504K, 0% used [0x00000000eab00000,0x00000000eab00000,0x00000000ec000000)
  from space 1024K, 100% used [0x00000000ec480000,0x00000000ec580000,0x00000000ec580000)
  to   space 4608K, 0% used [0x00000000ec000000,0x00000000ec000000,0x00000000ec480000)
 ParOldGen       total 68608K, used 23521K [0x00000000c0000000, 0x00000000c4300000, 0x00000000eab00000)
  object space 68608K, 34% used [0x00000000c0000000,0x00000000c16f8460,0x00000000c4300000)
 Metaspace       used 32289K, committed 33280K, reserved 1114112K
  class space    used 3170K, committed 3648K, reserved 1048576K
}
Event: 9.259 GC heap before
{Heap before GC invocations=16 (full 1):
 PSYoungGen      total 22528K, used 22528K [0x00000000eab00000, 0x00000000ec980000, 0x0000000100000000)
  eden space 21504K, 100% used [0x00000000eab00000,0x00000000ec000000,0x00000000ec000000)
  from space 1024K, 100% used [0x00000000ec480000,0x00000000ec580000,0x00000000ec580000)
  to   space 4608K, 0% used [0x00000000ec000000,0x00000000ec000000,0x00000000ec480000)
 ParOldGen       total 68608K, used 23521K [0x00000000c0000000, 0x00000000c4300000, 0x00000000eab00000)
  object space 68608K, 34% used [0x00000000c0000000,0x00000000c16f8460,0x00000000c4300000)
 Metaspace       used 32391K, committed 33344K, reserved 1114112K
  class space    used 3173K, committed 3648K, reserved 1048576K
}
Event: 9.269 GC heap after
{Heap after GC invocations=16 (full 1):
 PSYoungGen      total 24064K, used 2048K [0x00000000eab00000, 0x00000000ec600000, 0x0000000100000000)
  eden space 21504K, 0% used [0x00000000eab00000,0x00000000eab00000,0x00000000ec000000)
  from space 2560K, 80% used [0x00000000ec000000,0x00000000ec200010,0x00000000ec280000)
  to   space 3072K, 0% used [0x00000000ec300000,0x00000000ec300000,0x00000000ec600000)
 ParOldGen       total 68608K, used 24561K [0x00000000c0000000, 0x00000000c4300000, 0x00000000eab00000)
  object space 68608K, 35% used [0x00000000c0000000,0x00000000c17fc460,0x00000000c4300000)
 Metaspace       used 32391K, committed 33344K, reserved 1114112K
  class space    used 3173K, committed 3648K, reserved 1048576K
}
Event: 9.462 GC heap before
{Heap before GC invocations=17 (full 1):
 PSYoungGen      total 24064K, used 23552K [0x00000000eab00000, 0x00000000ec600000, 0x0000000100000000)
  eden space 21504K, 100% used [0x00000000eab00000,0x00000000ec000000,0x00000000ec000000)
  from space 2560K, 80% used [0x00000000ec000000,0x00000000ec200010,0x00000000ec280000)
  to   space 3072K, 0% used [0x00000000ec300000,0x00000000ec300000,0x00000000ec600000)
 ParOldGen       total 68608K, used 24561K [0x00000000c0000000, 0x00000000c4300000, 0x00000000eab00000)
  object space 68608K, 35% used [0x00000000c0000000,0x00000000c17fc460,0x00000000c4300000)
 Metaspace       used 32532K, committed 33472K, reserved 1114112K
  class space    used 3175K, committed 3648K, reserved 1048576K
}
Event: 9.470 GC heap after
{Heap after GC invocations=17 (full 1):
 PSYoungGen      total 23552K, used 2040K [0x00000000eab00000, 0x00000000ec500000, 0x0000000100000000)
  eden space 21504K, 0% used [0x00000000eab00000,0x00000000eab00000,0x00000000ec000000)
  from space 2048K, 99% used [0x00000000ec300000,0x00000000ec4fe200,0x00000000ec500000)
  to   space 2560K, 0% used [0x00000000ec000000,0x00000000ec000000,0x00000000ec280000)
 ParOldGen       total 68608K, used 26577K [0x00000000c0000000, 0x00000000c4300000, 0x00000000eab00000)
  object space 68608K, 38% used [0x00000000c0000000,0x00000000c19f4470,0x00000000c4300000)
 Metaspace       used 32532K, committed 33472K, reserved 1114112K
  class space    used 3175K, committed 3648K, reserved 1048576K
}
Event: 11.080 GC heap before
{Heap before GC invocations=18 (full 1):
 PSYoungGen      total 23552K, used 23544K [0x00000000eab00000, 0x00000000ec500000, 0x0000000100000000)
  eden space 21504K, 100% used [0x00000000eab00000,0x00000000ec000000,0x00000000ec000000)
  from space 2048K, 99% used [0x00000000ec300000,0x00000000ec4fe200,0x00000000ec500000)
  to   space 2560K, 0% used [0x00000000ec000000,0x00000000ec000000,0x00000000ec280000)
 ParOldGen       total 68608K, used 26577K [0x00000000c0000000, 0x00000000c4300000, 0x00000000eab00000)
  object space 68608K, 38% used [0x00000000c0000000,0x00000000c19f4470,0x00000000c4300000)
 Metaspace       used 34689K, committed 35712K, reserved 1114112K
  class space    used 3431K, committed 3904K, reserved 1048576K
}
Event: 11.088 GC heap after
{Heap after GC invocations=18 (full 1):
 PSYoungGen      total 22528K, used 980K [0x00000000eab00000, 0x00000000ec380000, 0x0000000100000000)
  eden space 21504K, 0% used [0x00000000eab00000,0x00000000eab00000,0x00000000ec000000)
  from space 1024K, 95% used [0x00000000ec000000,0x00000000ec0f53d8,0x00000000ec100000)
  to   space 1536K, 0% used [0x00000000ec200000,0x00000000ec200000,0x00000000ec380000)
 ParOldGen       total 68608K, used 28382K [0x00000000c0000000, 0x00000000c4300000, 0x00000000eab00000)
  object space 68608K, 41% used [0x00000000c0000000,0x00000000c1bb79c8,0x00000000c4300000)
 Metaspace       used 34689K, committed 35712K, reserved 1114112K
  class space    used 3431K, committed 3904K, reserved 1048576K
}
Event: 11.821 GC heap before
{Heap before GC invocations=19 (full 1):
 PSYoungGen      total 22528K, used 6754K [0x00000000eab00000, 0x00000000ec380000, 0x0000000100000000)
  eden space 21504K, 26% used [0x00000000eab00000,0x00000000eb0a3730,0x00000000ec000000)
  from space 1024K, 95% used [0x00000000ec000000,0x00000000ec0f53d8,0x00000000ec100000)
  to   space 1536K, 0% used [0x00000000ec200000,0x00000000ec200000,0x00000000ec380000)
 ParOldGen       total 68608K, used 28382K [0x00000000c0000000, 0x00000000c4300000, 0x00000000eab00000)
  object space 68608K, 41% used [0x00000000c0000000,0x00000000c1bb79c8,0x00000000c4300000)
 Metaspace       used 34928K, committed 35840K, reserved 1114112K
  class space    used 3460K, committed 3904K, reserved 1048576K
}
Event: 11.824 GC heap after
{Heap after GC invocations=19 (full 1):
 PSYoungGen      total 22016K, used 296K [0x00000000eab00000, 0x00000000ec280000, 0x0000000100000000)
  eden space 21504K, 0% used [0x00000000eab00000,0x00000000eab00000,0x00000000ec000000)
  from space 512K, 57% used [0x00000000ec200000,0x00000000ec24a2b0,0x00000000ec280000)
  to   space 1024K, 0% used [0x00000000ec080000,0x00000000ec080000,0x00000000ec180000)
 ParOldGen       total 68608K, used 29203K [0x00000000c0000000, 0x00000000c4300000, 0x00000000eab00000)
  object space 68608K, 42% used [0x00000000c0000000,0x00000000c1c84e90,0x00000000c4300000)
 Metaspace       used 34928K, committed 35840K, reserved 1114112K
  class space    used 3460K, committed 3904K, reserved 1048576K
}
Event: 11.824 GC heap before
{Heap before GC invocations=20 (full 2):
 PSYoungGen      total 22016K, used 296K [0x00000000eab00000, 0x00000000ec280000, 0x0000000100000000)
  eden space 21504K, 0% used [0x00000000eab00000,0x00000000eab00000,0x00000000ec000000)
  from space 512K, 57% used [0x00000000ec200000,0x00000000ec24a2b0,0x00000000ec280000)
  to   space 1024K, 0% used [0x00000000ec080000,0x00000000ec080000,0x00000000ec180000)
 ParOldGen       total 68608K, used 29203K [0x00000000c0000000, 0x00000000c4300000, 0x00000000eab00000)
  object space 68608K, 42% used [0x00000000c0000000,0x00000000c1c84e90,0x00000000c4300000)
 Metaspace       used 34928K, committed 35840K, reserved 1114112K
  class space    used 3460K, committed 3904K, reserved 1048576K
}
Event: 11.947 GC heap after
{Heap after GC invocations=20 (full 2):
 PSYoungGen      total 22016K, used 0K [0x00000000eab00000, 0x00000000ec280000, 0x0000000100000000)
  eden space 21504K, 0% used [0x00000000eab00000,0x00000000eab00000,0x00000000ec000000)
  from space 512K, 0% used [0x00000000ec200000,0x00000000ec200000,0x00000000ec280000)
  to   space 1024K, 0% used [0x00000000ec080000,0x00000000ec080000,0x00000000ec180000)
 ParOldGen       total 68608K, used 28188K [0x00000000c0000000, 0x00000000c4300000, 0x00000000eab00000)
  object space 68608K, 41% used [0x00000000c0000000,0x00000000c1b87048,0x00000000c4300000)
 Metaspace       used 34870K, committed 35840K, reserved 1114112K
  class space    used 3444K, committed 3904K, reserved 1048576K
}
Event: 13.095 GC heap before
{Heap before GC invocations=21 (full 2):
 PSYoungGen      total 22016K, used 21499K [0x00000000eab00000, 0x00000000ec280000, 0x0000000100000000)
  eden space 21504K, 99% used [0x00000000eab00000,0x00000000ebffed58,0x00000000ec000000)
  from space 512K, 0% used [0x00000000ec200000,0x00000000ec200000,0x00000000ec280000)
  to   space 1024K, 0% used [0x00000000ec080000,0x00000000ec080000,0x00000000ec180000)
 ParOldGen       total 68608K, used 28188K [0x00000000c0000000, 0x00000000c4300000, 0x00000000eab00000)
  object space 68608K, 41% used [0x00000000c0000000,0x00000000c1b87048,0x00000000c4300000)
 Metaspace       used 36354K, committed 37312K, reserved 1114112K
  class space    used 3581K, committed 4032K, reserved 1048576K
}
Event: 13.100 GC heap after
{Heap after GC invocations=21 (full 2):
 PSYoungGen      total 22528K, used 1020K [0x00000000eab00000, 0x00000000ec400000, 0x0000000100000000)
  eden space 21504K, 0% used [0x00000000eab00000,0x00000000eab00000,0x00000000ec000000)
  from space 1024K, 99% used [0x00000000ec080000,0x00000000ec17f3b8,0x00000000ec180000)
  to   space 2048K, 0% used [0x00000000ec200000,0x00000000ec200000,0x00000000ec400000)
 ParOldGen       total 68608K, used 28765K [0x00000000c0000000, 0x00000000c4300000, 0x00000000eab00000)
  object space 68608K, 41% used [0x00000000c0000000,0x00000000c1c17400,0x00000000c4300000)
 Metaspace       used 36354K, committed 37312K, reserved 1114112K
  class space    used 3581K, committed 4032K, reserved 1048576K
}
Event: 13.600 GC heap before
{Heap before GC invocations=22 (full 2):
 PSYoungGen      total 22528K, used 22524K [0x00000000eab00000, 0x00000000ec400000, 0x0000000100000000)
  eden space 21504K, 100% used [0x00000000eab00000,0x00000000ec000000,0x00000000ec000000)
  from space 1024K, 99% used [0x00000000ec080000,0x00000000ec17f3b8,0x00000000ec180000)
  to   space 2048K, 0% used [0x00000000ec200000,0x00000000ec200000,0x00000000ec400000)
 ParOldGen       total 68608K, used 28765K [0x00000000c0000000, 0x00000000c4300000, 0x00000000eab00000)
  object space 68608K, 41% used [0x00000000c0000000,0x00000000c1c17400,0x00000000c4300000)
 Metaspace       used 36382K, committed 37312K, reserved 1114112K
  class space    used 3581K, committed 4032K, reserved 1048576K
}
Event: 13.602 GC heap after
{Heap after GC invocations=22 (full 2):
 PSYoungGen      total 22528K, used 937K [0x00000000eab00000, 0x00000000ec300000, 0x0000000100000000)
  eden space 21504K, 0% used [0x00000000eab00000,0x00000000eab00000,0x00000000ec000000)
  from space 1024K, 91% used [0x00000000ec200000,0x00000000ec2ea640,0x00000000ec300000)
  to   space 1536K, 0% used [0x00000000ec000000,0x00000000ec000000,0x00000000ec180000)
 ParOldGen       total 68608K, used 29804K [0x00000000c0000000, 0x00000000c4300000, 0x00000000eab00000)
  object space 68608K, 43% used [0x00000000c0000000,0x00000000c1d1b3c0,0x00000000c4300000)
 Metaspace       used 36382K, committed 37312K, reserved 1114112K
  class space    used 3581K, committed 4032K, reserved 1048576K
}
Event: 14.341 GC heap before
{Heap before GC invocations=23 (full 2):
 PSYoungGen      total 22528K, used 22441K [0x00000000eab00000, 0x00000000ec300000, 0x0000000100000000)
  eden space 21504K, 100% used [0x00000000eab00000,0x00000000ec000000,0x00000000ec000000)
  from space 1024K, 91% used [0x00000000ec200000,0x00000000ec2ea640,0x00000000ec300000)
  to   space 1536K, 0% used [0x00000000ec000000,0x00000000ec000000,0x00000000ec180000)
 ParOldGen       total 68608K, used 29804K [0x00000000c0000000, 0x00000000c4300000, 0x00000000eab00000)
  object space 68608K, 43% used [0x00000000c0000000,0x00000000c1d1b3c0,0x00000000c4300000)
 Metaspace       used 38468K, committed 39424K, reserved 1114112K
  class space    used 3766K, committed 4224K, reserved 1048576K
}
Event: 14.343 GC heap after
{Heap after GC invocations=23 (full 2):
 PSYoungGen      total 23040K, used 640K [0x00000000eab00000, 0x00000000ec280000, 0x0000000100000000)
  eden space 21504K, 0% used [0x00000000eab00000,0x00000000eab00000,0x00000000ec000000)
  from space 1536K, 41% used [0x00000000ec000000,0x00000000ec0a0010,0x00000000ec180000)
  to   space 1024K, 0% used [0x00000000ec180000,0x00000000ec180000,0x00000000ec280000)
 ParOldGen       total 68608K, used 29812K [0x00000000c0000000, 0x00000000c4300000, 0x00000000eab00000)
  object space 68608K, 43% used [0x00000000c0000000,0x00000000c1d1d3c0,0x00000000c4300000)
 Metaspace       used 38468K, committed 39424K, reserved 1114112K
  class space    used 3766K, committed 4224K, reserved 1048576K
}
Event: 16.214 GC heap before
{Heap before GC invocations=24 (full 2):
 PSYoungGen      total 23040K, used 22144K [0x00000000eab00000, 0x00000000ec280000, 0x0000000100000000)
  eden space 21504K, 100% used [0x00000000eab00000,0x00000000ec000000,0x00000000ec000000)
  from space 1536K, 41% used [0x00000000ec000000,0x00000000ec0a0010,0x00000000ec180000)
  to   space 1024K, 0% used [0x00000000ec180000,0x00000000ec180000,0x00000000ec280000)
 ParOldGen       total 68608K, used 29812K [0x00000000c0000000, 0x00000000c4300000, 0x00000000eab00000)
  object space 68608K, 43% used [0x00000000c0000000,0x00000000c1d1d3c0,0x00000000c4300000)
 Metaspace       used 40686K, committed 41600K, reserved 1114112K
  class space    used 3970K, committed 4416K, reserved 1048576K
}
Event: 16.219 GC heap after
{Heap after GC invocations=24 (full 2):
 PSYoungGen      total 20992K, used 1008K [0x00000000eab00000, 0x00000000ec600000, 0x0000000100000000)
  eden space 19968K, 0% used [0x00000000eab00000,0x00000000eab00000,0x00000000ebe80000)
  from space 1024K, 98% used [0x00000000ec180000,0x00000000ec27c030,0x00000000ec280000)
  to   space 3072K, 0% used [0x00000000ebe80000,0x00000000ebe80000,0x00000000ec180000)
 ParOldGen       total 68608K, used 31164K [0x00000000c0000000, 0x00000000c4300000, 0x00000000eab00000)
  object space 68608K, 45% used [0x00000000c0000000,0x00000000c1e6f1f0,0x00000000c4300000)
 Metaspace       used 40686K, committed 41600K, reserved 1114112K
  class space    used 3970K, committed 4416K, reserved 1048576K
}

