# JRE version: OpenJDK Runtime Environment Temurin-21.0.6+7 (21.0.6+7) (build 21.0.6+7-LTS)
# Java VM: OpenJDK 64-Bit Server VM Temurin-21.0.6+7 (21.0.6+7-LTS, mixed mode, sharing, tiered, compressed oops, compressed class ptrs, parallel gc, windows-amd64)
GC Precious Log:
 CardTable entry size: 512
 CPUs: 4 total, 4 available
 Memory: 12167M
 Large Page Support: Disabled
 NUMA Support: Disabled
 Compressed Oops: Enabled (32-bit)
 Alignments: Space 512K, Generation 512K, Heap 2M
 Heap Min Capacity: 100M
 Heap Initial Capacity: 100M
 Heap Max Capacity: 1G
 Pre-touch: Disabled
 Parallel Workers: 4
Heap:
 PSYoungGen      total 12800K, used 6189K [0x00000000eab00000, 0x00000000ebe00000, 0x0000000100000000)
  eden space 9216K, 28% used [0x00000000eab00000,0x00000000ead92fa8,0x00000000eb400000)
  from space 3584K, 99% used [0x00000000eb400000,0x00000000eb778710,0x00000000eb780000)
  to   space 5120K, 0% used [0x00000000eb900000,0x00000000eb900000,0x00000000ebe00000)
 ParOldGen       total 79872K, used 79843K [0x00000000c0000000, 0x00000000c4e00000, 0x00000000eab00000)
  object space 79872K, 99% used [0x00000000c0000000,0x00000000c4df8eb8,0x00000000c4e00000)
 Metaspace       used 70459K, committed 71936K, reserved 1114112K
  class space    used 7139K, committed 7744K, reserved 1048576K
GC Heap History (20 events):
Event: 304.533 GC heap before
{Heap before GC invocations=65 (full 3):
 PSYoungGen      total 10752K, used 10304K [0x00000000eab00000, 0x00000000ebb00000, 0x0000000100000000)
  eden space 9728K, 100% used [0x00000000eab00000,0x00000000eb480000,0x00000000eb480000)
  from space 1024K, 56% used [0x00000000eb480000,0x00000000eb510000,0x00000000eb580000)
  to   space 2560K, 0% used [0x00000000eb880000,0x00000000eb880000,0x00000000ebb00000)
 ParOldGen       total 70144K, used 70106K [0x00000000c0000000, 0x00000000c4480000, 0x00000000eab00000)
  object space 70144K, 99% used [0x00000000c0000000,0x00000000c4476b58,0x00000000c4480000)
 Metaspace       used 69802K, committed 71232K, reserved 1114112K
  class space    used 7089K, committed 7680K, reserved 1048576K
}
Event: 304.535 GC heap after
{Heap after GC invocations=65 (full 3):
 PSYoungGen      total 10752K, used 1024K [0x00000000eab00000, 0x00000000eb980000, 0x0000000100000000)
  eden space 9728K, 0% used [0x00000000eab00000,0x00000000eab00000,0x00000000eb480000)
  from space 1024K, 100% used [0x00000000eb880000,0x00000000eb980000,0x00000000eb980000)
  to   space 1536K, 0% used [0x00000000eb680000,0x00000000eb680000,0x00000000eb800000)
 ParOldGen       total 70656K, used 70154K [0x00000000c0000000, 0x00000000c4500000, 0x00000000eab00000)
  object space 70656K, 99% used [0x00000000c0000000,0x00000000c4482b58,0x00000000c4500000)
 Metaspace       used 69802K, committed 71232K, reserved 1114112K
  class space    used 7089K, committed 7680K, reserved 1048576K
}
Event: 305.129 GC heap before
{Heap before GC invocations=66 (full 3):
 PSYoungGen      total 10752K, used 10752K [0x00000000eab00000, 0x00000000eb980000, 0x0000000100000000)
  eden space 9728K, 100% used [0x00000000eab00000,0x00000000eb480000,0x00000000eb480000)
  from space 1024K, 100% used [0x00000000eb880000,0x00000000eb980000,0x00000000eb980000)
  to   space 1536K, 0% used [0x00000000eb680000,0x00000000eb680000,0x00000000eb800000)
 ParOldGen       total 70656K, used 70154K [0x00000000c0000000, 0x00000000c4500000, 0x00000000eab00000)
  object space 70656K, 99% used [0x00000000c0000000,0x00000000c4482b58,0x00000000c4500000)
 Metaspace       used 69823K, committed 71232K, reserved 1114112K
  class space    used 7089K, committed 7680K, reserved 1048576K
}
Event: 305.133 GC heap after
{Heap after GC invocations=66 (full 3):
 PSYoungGen      total 11264K, used 1511K [0x00000000eab00000, 0x00000000ebd80000, 0x0000000100000000)
  eden space 9728K, 0% used [0x00000000eab00000,0x00000000eab00000,0x00000000eb480000)
  from space 1536K, 98% used [0x00000000eb680000,0x00000000eb7f9ee0,0x00000000eb800000)
  to   space 4608K, 0% used [0x00000000eb900000,0x00000000eb900000,0x00000000ebd80000)
 ParOldGen       total 72704K, used 72501K [0x00000000c0000000, 0x00000000c4700000, 0x00000000eab00000)
  object space 72704K, 99% used [0x00000000c0000000,0x00000000c46cd488,0x00000000c4700000)
 Metaspace       used 69823K, committed 71232K, reserved 1114112K
  class space    used 7089K, committed 7680K, reserved 1048576K
}
Event: 305.206 GC heap before
{Heap before GC invocations=67 (full 3):
 PSYoungGen      total 11264K, used 11239K [0x00000000eab00000, 0x00000000ebd80000, 0x0000000100000000)
  eden space 9728K, 100% used [0x00000000eab00000,0x00000000eb480000,0x00000000eb480000)
  from space 1536K, 98% used [0x00000000eb680000,0x00000000eb7f9ee0,0x00000000eb800000)
  to   space 4608K, 0% used [0x00000000eb900000,0x00000000eb900000,0x00000000ebd80000)
 ParOldGen       total 72704K, used 72501K [0x00000000c0000000, 0x00000000c4700000, 0x00000000eab00000)
  object space 72704K, 99% used [0x00000000c0000000,0x00000000c46cd488,0x00000000c4700000)
 Metaspace       used 69834K, committed 71232K, reserved 1114112K
  class space    used 7089K, committed 7680K, reserved 1048576K
}
Event: 305.208 GC heap after
{Heap after GC invocations=67 (full 3):
 PSYoungGen      total 10240K, used 480K [0x00000000eab00000, 0x00000000eb980000, 0x0000000100000000)
  eden space 9728K, 0% used [0x00000000eab00000,0x00000000eab00000,0x00000000eb480000)
  from space 512K, 93% used [0x00000000eb900000,0x00000000eb978000,0x00000000eb980000)
  to   space 2048K, 0% used [0x00000000eb580000,0x00000000eb580000,0x00000000eb780000)
 ParOldGen       total 72704K, used 72546K [0x00000000c0000000, 0x00000000c4700000, 0x00000000eab00000)
  object space 72704K, 99% used [0x00000000c0000000,0x00000000c46d89b8,0x00000000c4700000)
 Metaspace       used 69834K, committed 71232K, reserved 1114112K
  class space    used 7089K, committed 7680K, reserved 1048576K
}
Event: 307.329 GC heap before
{Heap before GC invocations=68 (full 3):
 PSYoungGen      total 10240K, used 10208K [0x00000000eab00000, 0x00000000eb980000, 0x0000000100000000)
  eden space 9728K, 100% used [0x00000000eab00000,0x00000000eb480000,0x00000000eb480000)
  from space 512K, 93% used [0x00000000eb900000,0x00000000eb978000,0x00000000eb980000)
  to   space 2048K, 0% used [0x00000000eb580000,0x00000000eb580000,0x00000000eb780000)
 ParOldGen       total 72704K, used 72546K [0x00000000c0000000, 0x00000000c4700000, 0x00000000eab00000)
  object space 72704K, 99% used [0x00000000c0000000,0x00000000c46d89b8,0x00000000c4700000)
 Metaspace       used 69872K, committed 71296K, reserved 1114112K
  class space    used 7089K, committed 7680K, reserved 1048576K
}
Event: 307.330 GC heap after
{Heap after GC invocations=68 (full 3):
 PSYoungGen      total 11776K, used 512K [0x00000000eab00000, 0x00000000eb980000, 0x0000000100000000)
  eden space 9728K, 0% used [0x00000000eab00000,0x00000000eab00000,0x00000000eb480000)
  from space 2048K, 25% used [0x00000000eb580000,0x00000000eb600020,0x00000000eb780000)
  to   space 1024K, 0% used [0x00000000eb880000,0x00000000eb880000,0x00000000eb980000)
 ParOldGen       total 72704K, used 72570K [0x00000000c0000000, 0x00000000c4700000, 0x00000000eab00000)
  object space 72704K, 99% used [0x00000000c0000000,0x00000000c46de9b8,0x00000000c4700000)
 Metaspace       used 69872K, committed 71296K, reserved 1114112K
  class space    used 7089K, committed 7680K, reserved 1048576K
}
Event: 308.471 GC heap before
{Heap before GC invocations=69 (full 3):
 PSYoungGen      total 11776K, used 10239K [0x00000000eab00000, 0x00000000eb980000, 0x0000000100000000)
  eden space 9728K, 99% used [0x00000000eab00000,0x00000000eb47fe20,0x00000000eb480000)
  from space 2048K, 25% used [0x00000000eb580000,0x00000000eb600020,0x00000000eb780000)
  to   space 1024K, 0% used [0x00000000eb880000,0x00000000eb880000,0x00000000eb980000)
 ParOldGen       total 72704K, used 72570K [0x00000000c0000000, 0x00000000c4700000, 0x00000000eab00000)
  object space 72704K, 99% used [0x00000000c0000000,0x00000000c46de9b8,0x00000000c4700000)
 Metaspace       used 69916K, committed 71296K, reserved 1114112K
  class space    used 7092K, committed 7680K, reserved 1048576K
}
Event: 308.472 GC heap after
{Heap after GC invocations=69 (full 3):
 PSYoungGen      total 10752K, used 864K [0x00000000eab00000, 0x00000000eb980000, 0x0000000100000000)
  eden space 9728K, 0% used [0x00000000eab00000,0x00000000eab00000,0x00000000eb480000)
  from space 1024K, 84% used [0x00000000eb880000,0x00000000eb958000,0x00000000eb980000)
  to   space 1024K, 0% used [0x00000000eb780000,0x00000000eb780000,0x00000000eb880000)
 ParOldGen       total 72704K, used 72693K [0x00000000c0000000, 0x00000000c4700000, 0x00000000eab00000)
  object space 72704K, 99% used [0x00000000c0000000,0x00000000c46fd660,0x00000000c4700000)
 Metaspace       used 69916K, committed 71296K, reserved 1114112K
  class space    used 7092K, committed 7680K, reserved 1048576K
}
Event: 308.516 GC heap before
{Heap before GC invocations=70 (full 3):
 PSYoungGen      total 10752K, used 10592K [0x00000000eab00000, 0x00000000eb980000, 0x0000000100000000)
  eden space 9728K, 100% used [0x00000000eab00000,0x00000000eb480000,0x00000000eb480000)
  from space 1024K, 84% used [0x00000000eb880000,0x00000000eb958000,0x00000000eb980000)
  to   space 1024K, 0% used [0x00000000eb780000,0x00000000eb780000,0x00000000eb880000)
 ParOldGen       total 72704K, used 72693K [0x00000000c0000000, 0x00000000c4700000, 0x00000000eab00000)
  object space 72704K, 99% used [0x00000000c0000000,0x00000000c46fd660,0x00000000c4700000)
 Metaspace       used 69916K, committed 71296K, reserved 1114112K
  class space    used 7092K, committed 7680K, reserved 1048576K
}
Event: 308.519 GC heap after
{Heap after GC invocations=70 (full 3):
 PSYoungGen      total 10752K, used 1001K [0x00000000eab00000, 0x00000000ebc80000, 0x0000000100000000)
  eden space 9728K, 0% used [0x00000000eab00000,0x00000000eab00000,0x00000000eb480000)
  from space 1024K, 97% used [0x00000000eb780000,0x00000000eb87a710,0x00000000eb880000)
  to   space 4096K, 0% used [0x00000000eb880000,0x00000000eb880000,0x00000000ebc80000)
 ParOldGen       total 75264K, used 74973K [0x00000000c0000000, 0x00000000c4980000, 0x00000000eab00000)
  object space 75264K, 99% used [0x00000000c0000000,0x00000000c4937510,0x00000000c4980000)
 Metaspace       used 69916K, committed 71296K, reserved 1114112K
  class space    used 7092K, committed 7680K, reserved 1048576K
}
Event: 309.066 GC heap before
{Heap before GC invocations=71 (full 3):
 PSYoungGen      total 10752K, used 10729K [0x00000000eab00000, 0x00000000ebc80000, 0x0000000100000000)
  eden space 9728K, 99% used [0x00000000eab00000,0x00000000eb47fff8,0x00000000eb480000)
  from space 1024K, 97% used [0x00000000eb780000,0x00000000eb87a710,0x00000000eb880000)
  to   space 4096K, 0% used [0x00000000eb880000,0x00000000eb880000,0x00000000ebc80000)
 ParOldGen       total 75264K, used 74973K [0x00000000c0000000, 0x00000000c4980000, 0x00000000eab00000)
  object space 75264K, 99% used [0x00000000c0000000,0x00000000c4937510,0x00000000c4980000)
 Metaspace       used 70139K, committed 71552K, reserved 1114112K
  class space    used 7118K, committed 7680K, reserved 1048576K
}
Event: 309.069 GC heap after
{Heap after GC invocations=71 (full 3):
 PSYoungGen      total 12800K, used 2592K [0x00000000eab00000, 0x00000000ebb80000, 0x0000000100000000)
  eden space 9728K, 0% used [0x00000000eab00000,0x00000000eab00000,0x00000000eb480000)
  from space 3072K, 84% used [0x00000000eb880000,0x00000000ebb08010,0x00000000ebb80000)
  to   space 3072K, 0% used [0x00000000eb580000,0x00000000eb580000,0x00000000eb880000)
 ParOldGen       total 76288K, used 75999K [0x00000000c0000000, 0x00000000c4a80000, 0x00000000eab00000)
  object space 76288K, 99% used [0x00000000c0000000,0x00000000c4a37c20,0x00000000c4a80000)
 Metaspace       used 70139K, committed 71552K, reserved 1114112K
  class space    used 7118K, committed 7680K, reserved 1048576K
}
Event: 309.233 GC heap before
{Heap before GC invocations=72 (full 3):
 PSYoungGen      total 12800K, used 12320K [0x00000000eab00000, 0x00000000ebb80000, 0x0000000100000000)
  eden space 9728K, 100% used [0x00000000eab00000,0x00000000eb480000,0x00000000eb480000)
  from space 3072K, 84% used [0x00000000eb880000,0x00000000ebb08010,0x00000000ebb80000)
  to   space 3072K, 0% used [0x00000000eb580000,0x00000000eb580000,0x00000000eb880000)
 ParOldGen       total 76288K, used 75999K [0x00000000c0000000, 0x00000000c4a80000, 0x00000000eab00000)
  object space 76288K, 99% used [0x00000000c0000000,0x00000000c4a37c20,0x00000000c4a80000)
 Metaspace       used 70312K, committed 71744K, reserved 1114112K
  class space    used 7139K, committed 7744K, reserved 1048576K
}
Event: 309.237 GC heap after
{Heap after GC invocations=72 (full 3):
 PSYoungGen      total 10240K, used 304K [0x00000000eab00000, 0x00000000eb900000, 0x0000000100000000)
  eden space 9728K, 0% used [0x00000000eab00000,0x00000000eab00000,0x00000000eb480000)
  from space 512K, 59% used [0x00000000eb580000,0x00000000eb5cc010,0x00000000eb600000)
  to   space 1536K, 0% used [0x00000000eb780000,0x00000000eb780000,0x00000000eb900000)
 ParOldGen       total 77824K, used 77524K [0x00000000c0000000, 0x00000000c4c00000, 0x00000000eab00000)
  object space 77824K, 99% used [0x00000000c0000000,0x00000000c4bb5198,0x00000000c4c00000)
 Metaspace       used 70312K, committed 71744K, reserved 1114112K
  class space    used 7139K, committed 7744K, reserved 1048576K
}
Event: 310.238 GC heap before
{Heap before GC invocations=73 (full 3):
 PSYoungGen      total 10240K, used 10032K [0x00000000eab00000, 0x00000000eb900000, 0x0000000100000000)
  eden space 9728K, 100% used [0x00000000eab00000,0x00000000eb480000,0x00000000eb480000)
  from space 512K, 59% used [0x00000000eb580000,0x00000000eb5cc010,0x00000000eb600000)
  to   space 1536K, 0% used [0x00000000eb780000,0x00000000eb780000,0x00000000eb900000)
 ParOldGen       total 77824K, used 77524K [0x00000000c0000000, 0x00000000c4c00000, 0x00000000eab00000)
  object space 77824K, 99% used [0x00000000c0000000,0x00000000c4bb5198,0x00000000c4c00000)
 Metaspace       used 70441K, committed 71936K, reserved 1114112K
  class space    used 7139K, committed 7744K, reserved 1048576K
}
Event: 310.241 GC heap after
{Heap after GC invocations=73 (full 3):
 PSYoungGen      total 10752K, used 1511K [0x00000000eab00000, 0x00000000ebb80000, 0x0000000100000000)
  eden space 9216K, 0% used [0x00000000eab00000,0x00000000eab00000,0x00000000eb400000)
  from space 1536K, 98% used [0x00000000eb780000,0x00000000eb8f9ee0,0x00000000eb900000)
  to   space 3584K, 0% used [0x00000000eb400000,0x00000000eb400000,0x00000000eb780000)
 ParOldGen       total 79360K, used 78888K [0x00000000c0000000, 0x00000000c4d80000, 0x00000000eab00000)
  object space 79360K, 99% used [0x00000000c0000000,0x00000000c4d0a398,0x00000000c4d80000)
 Metaspace       used 70441K, committed 71936K, reserved 1114112K
  class space    used 7139K, committed 7744K, reserved 1048576K
}
Event: 310.352 GC heap before
{Heap before GC invocations=74 (full 3):
 PSYoungGen      total 10752K, used 10727K [0x00000000eab00000, 0x00000000ebb80000, 0x0000000100000000)
  eden space 9216K, 100% used [0x00000000eab00000,0x00000000eb400000,0x00000000eb400000)
  from space 1536K, 98% used [0x00000000eb780000,0x00000000eb8f9ee0,0x00000000eb900000)
  to   space 3584K, 0% used [0x00000000eb400000,0x00000000eb400000,0x00000000eb780000)
 ParOldGen       total 79360K, used 78888K [0x00000000c0000000, 0x00000000c4d80000, 0x00000000eab00000)
  object space 79360K, 99% used [0x00000000c0000000,0x00000000c4d0a398,0x00000000c4d80000)
 Metaspace       used 70443K, committed 71936K, reserved 1114112K
  class space    used 7139K, committed 7744K, reserved 1048576K
}
Event: 310.357 GC heap after
{Heap after GC invocations=74 (full 3):
 PSYoungGen      total 12800K, used 3553K [0x00000000eab00000, 0x00000000ebe00000, 0x0000000100000000)
  eden space 9216K, 0% used [0x00000000eab00000,0x00000000eab00000,0x00000000eb400000)
  from space 3584K, 99% used [0x00000000eb400000,0x00000000eb778710,0x00000000eb780000)
  to   space 5120K, 0% used [0x00000000eb900000,0x00000000eb900000,0x00000000ebe00000)
 ParOldGen       total 79872K, used 79843K [0x00000000c0000000, 0x00000000c4e00000, 0x00000000eab00000)
  object space 79872K, 99% used [0x00000000c0000000,0x00000000c4df8eb8,0x00000000c4e00000)
 Metaspace       used 70443K, committed 71936K, reserved 1114112K
  class space    used 7139K, committed 7744K, reserved 1048576K
}

