# JRE version: OpenJDK Runtime Environment Temurin-21.0.6+7 (21.0.6+7) (build 21.0.6+7-LTS)
# Java VM: OpenJDK 64-Bit Server VM Temurin-21.0.6+7 (21.0.6+7-LTS, mixed mode, sharing, tiered, compressed oops, compressed class ptrs, parallel gc, windows-amd64)
GC Precious Log:
 CardTable entry size: 512
 CPUs: 4 total, 4 available
 Memory: 12167M
 Large Page Support: Disabled
 NUMA Support: Disabled
 Compressed Oops: Enabled (32-bit)
 Alignments: Space 512K, Generation 512K, Heap 2M
 Heap Min Capacity: 100M
 Heap Initial Capacity: 100M
 Heap Max Capacity: 1G
 Pre-touch: Disabled
 Parallel Workers: 4
Heap:
 PSYoungGen      total 25088K, used 4998K [0x00000000eab00000, 0x00000000ec600000, 0x0000000100000000)
  eden space 22016K, 17% used [0x00000000eab00000,0x00000000eaeb3298,0x00000000ec080000)
  from space 3072K, 39% used [0x00000000ec080000,0x00000000ec1ae5a0,0x00000000ec380000)
  to   space 2048K, 0% used [0x00000000ec400000,0x00000000ec400000,0x00000000ec600000)
 ParOldGen       total 68608K, used 21342K [0x00000000c0000000, 0x00000000c4300000, 0x00000000eab00000)
  object space 68608K, 31% used [0x00000000c0000000,0x00000000c14d79f8,0x00000000c4300000)
 Metaspace       used 45621K, committed 46720K, reserved 1114112K
  class space    used 4853K, committed 5312K, reserved 1048576K
GC Heap History (20 events):
Event: 8.941 GC heap before
{Heap before GC invocations=10 (full 1):
 PSYoungGen      total 24576K, used 24320K [0x00000000eab00000, 0x00000000ec880000, 0x0000000100000000)
  eden space 24064K, 100% used [0x00000000eab00000,0x00000000ec280000,0x00000000ec280000)
  from space 512K, 50% used [0x00000000ec800000,0x00000000ec840000,0x00000000ec880000)
  to   space 2048K, 0% used [0x00000000ec480000,0x00000000ec480000,0x00000000ec680000)
 ParOldGen       total 68608K, used 12798K [0x00000000c0000000, 0x00000000c4300000, 0x00000000eab00000)
  object space 68608K, 18% used [0x00000000c0000000,0x00000000c0c7f9d0,0x00000000c4300000)
 Metaspace       used 26602K, committed 27520K, reserved 1114112K
  class space    used 2592K, committed 3008K, reserved 1048576K
}
Event: 8.943 GC heap after
{Heap after GC invocations=10 (full 1):
 PSYoungGen      total 25600K, used 544K [0x00000000eab00000, 0x00000000ec880000, 0x0000000100000000)
  eden space 23552K, 0% used [0x00000000eab00000,0x00000000eab00000,0x00000000ec200000)
  from space 2048K, 26% used [0x00000000ec480000,0x00000000ec508000,0x00000000ec680000)
  to   space 1024K, 0% used [0x00000000ec780000,0x00000000ec780000,0x00000000ec880000)
 ParOldGen       total 68608K, used 12806K [0x00000000c0000000, 0x00000000c4300000, 0x00000000eab00000)
  object space 68608K, 18% used [0x00000000c0000000,0x00000000c0c819d0,0x00000000c4300000)
 Metaspace       used 26602K, committed 27520K, reserved 1114112K
  class space    used 2592K, committed 3008K, reserved 1048576K
}
Event: 9.430 GC heap before
{Heap before GC invocations=11 (full 1):
 PSYoungGen      total 25600K, used 24096K [0x00000000eab00000, 0x00000000ec880000, 0x0000000100000000)
  eden space 23552K, 100% used [0x00000000eab00000,0x00000000ec200000,0x00000000ec200000)
  from space 2048K, 26% used [0x00000000ec480000,0x00000000ec508000,0x00000000ec680000)
  to   space 1024K, 0% used [0x00000000ec780000,0x00000000ec780000,0x00000000ec880000)
 ParOldGen       total 68608K, used 12806K [0x00000000c0000000, 0x00000000c4300000, 0x00000000eab00000)
  object space 68608K, 18% used [0x00000000c0000000,0x00000000c0c819d0,0x00000000c4300000)
 Metaspace       used 28599K, committed 29504K, reserved 1114112K
  class space    used 2806K, committed 3200K, reserved 1048576K
}
Event: 9.432 GC heap after
{Heap after GC invocations=11 (full 1):
 PSYoungGen      total 24064K, used 686K [0x00000000eab00000, 0x00000000ec880000, 0x0000000100000000)
  eden space 23040K, 0% used [0x00000000eab00000,0x00000000eab00000,0x00000000ec180000)
  from space 1024K, 67% used [0x00000000ec780000,0x00000000ec82b890,0x00000000ec880000)
  to   space 1024K, 0% used [0x00000000ec680000,0x00000000ec680000,0x00000000ec780000)
 ParOldGen       total 68608K, used 14480K [0x00000000c0000000, 0x00000000c4300000, 0x00000000eab00000)
  object space 68608K, 21% used [0x00000000c0000000,0x00000000c0e243f0,0x00000000c4300000)
 Metaspace       used 28599K, committed 29504K, reserved 1114112K
  class space    used 2806K, committed 3200K, reserved 1048576K
}
Event: 10.178 GC heap before
{Heap before GC invocations=12 (full 1):
 PSYoungGen      total 24064K, used 23726K [0x00000000eab00000, 0x00000000ec880000, 0x0000000100000000)
  eden space 23040K, 100% used [0x00000000eab00000,0x00000000ec180000,0x00000000ec180000)
  from space 1024K, 67% used [0x00000000ec780000,0x00000000ec82b890,0x00000000ec880000)
  to   space 1024K, 0% used [0x00000000ec680000,0x00000000ec680000,0x00000000ec780000)
 ParOldGen       total 68608K, used 14480K [0x00000000c0000000, 0x00000000c4300000, 0x00000000eab00000)
  object space 68608K, 21% used [0x00000000c0000000,0x00000000c0e243f0,0x00000000c4300000)
 Metaspace       used 30517K, committed 31488K, reserved 1114112K
  class space    used 3023K, committed 3456K, reserved 1048576K
}
Event: 10.181 GC heap after
{Heap after GC invocations=12 (full 1):
 PSYoungGen      total 23552K, used 1016K [0x00000000eab00000, 0x00000000ec800000, 0x0000000100000000)
  eden space 22528K, 0% used [0x00000000eab00000,0x00000000eab00000,0x00000000ec100000)
  from space 1024K, 99% used [0x00000000ec680000,0x00000000ec77e2e8,0x00000000ec780000)
  to   space 512K, 0% used [0x00000000ec780000,0x00000000ec780000,0x00000000ec800000)
 ParOldGen       total 68608K, used 15147K [0x00000000c0000000, 0x00000000c4300000, 0x00000000eab00000)
  object space 68608K, 22% used [0x00000000c0000000,0x00000000c0ecad20,0x00000000c4300000)
 Metaspace       used 30517K, committed 31488K, reserved 1114112K
  class space    used 3023K, committed 3456K, reserved 1048576K
}
Event: 10.649 GC heap before
{Heap before GC invocations=13 (full 1):
 PSYoungGen      total 23552K, used 23532K [0x00000000eab00000, 0x00000000ec800000, 0x0000000100000000)
  eden space 22528K, 99% used [0x00000000eab00000,0x00000000ec0fce68,0x00000000ec100000)
  from space 1024K, 99% used [0x00000000ec680000,0x00000000ec77e2e8,0x00000000ec780000)
  to   space 512K, 0% used [0x00000000ec780000,0x00000000ec780000,0x00000000ec800000)
 ParOldGen       total 68608K, used 15147K [0x00000000c0000000, 0x00000000c4300000, 0x00000000eab00000)
  object space 68608K, 22% used [0x00000000c0000000,0x00000000c0ecad20,0x00000000c4300000)
 Metaspace       used 33092K, committed 34048K, reserved 1114112K
  class space    used 3311K, committed 3712K, reserved 1048576K
}
Event: 10.653 GC heap after
{Heap after GC invocations=13 (full 1):
 PSYoungGen      total 22528K, used 487K [0x00000000eab00000, 0x00000000ec800000, 0x0000000100000000)
  eden space 22016K, 0% used [0x00000000eab00000,0x00000000eab00000,0x00000000ec080000)
  from space 512K, 95% used [0x00000000ec780000,0x00000000ec7f9fb8,0x00000000ec800000)
  to   space 2048K, 0% used [0x00000000ec400000,0x00000000ec400000,0x00000000ec600000)
 ParOldGen       total 68608K, used 16511K [0x00000000c0000000, 0x00000000c4300000, 0x00000000eab00000)
  object space 68608K, 24% used [0x00000000c0000000,0x00000000c101fe78,0x00000000c4300000)
 Metaspace       used 33092K, committed 34048K, reserved 1114112K
  class space    used 3311K, committed 3712K, reserved 1048576K
}
Event: 10.897 GC heap before
{Heap before GC invocations=14 (full 1):
 PSYoungGen      total 22528K, used 16894K [0x00000000eab00000, 0x00000000ec800000, 0x0000000100000000)
  eden space 22016K, 74% used [0x00000000eab00000,0x00000000ebb058a8,0x00000000ec080000)
  from space 512K, 95% used [0x00000000ec780000,0x00000000ec7f9fb8,0x00000000ec800000)
  to   space 2048K, 0% used [0x00000000ec400000,0x00000000ec400000,0x00000000ec600000)
 ParOldGen       total 68608K, used 16511K [0x00000000c0000000, 0x00000000c4300000, 0x00000000eab00000)
  object space 68608K, 24% used [0x00000000c0000000,0x00000000c101fe78,0x00000000c4300000)
 Metaspace       used 34816K, committed 35840K, reserved 1114112K
  class space    used 3533K, committed 3968K, reserved 1048576K
}
Event: 10.899 GC heap after
{Heap after GC invocations=14 (full 1):
 PSYoungGen      total 24064K, used 1433K [0x00000000eab00000, 0x00000000ec800000, 0x0000000100000000)
  eden space 22016K, 0% used [0x00000000eab00000,0x00000000eab00000,0x00000000ec080000)
  from space 2048K, 70% used [0x00000000ec400000,0x00000000ec566670,0x00000000ec600000)
  to   space 2048K, 0% used [0x00000000ec600000,0x00000000ec600000,0x00000000ec800000)
 ParOldGen       total 68608K, used 16967K [0x00000000c0000000, 0x00000000c4300000, 0x00000000eab00000)
  object space 68608K, 24% used [0x00000000c0000000,0x00000000c1091d30,0x00000000c4300000)
 Metaspace       used 34816K, committed 35840K, reserved 1114112K
  class space    used 3533K, committed 3968K, reserved 1048576K
}
Event: 10.900 GC heap before
{Heap before GC invocations=15 (full 2):
 PSYoungGen      total 24064K, used 1433K [0x00000000eab00000, 0x00000000ec800000, 0x0000000100000000)
  eden space 22016K, 0% used [0x00000000eab00000,0x00000000eab00000,0x00000000ec080000)
  from space 2048K, 70% used [0x00000000ec400000,0x00000000ec566670,0x00000000ec600000)
  to   space 2048K, 0% used [0x00000000ec600000,0x00000000ec600000,0x00000000ec800000)
 ParOldGen       total 68608K, used 16967K [0x00000000c0000000, 0x00000000c4300000, 0x00000000eab00000)
  object space 68608K, 24% used [0x00000000c0000000,0x00000000c1091d30,0x00000000c4300000)
 Metaspace       used 34816K, committed 35840K, reserved 1114112K
  class space    used 3533K, committed 3968K, reserved 1048576K
}
Event: 10.953 GC heap after
{Heap after GC invocations=15 (full 2):
 PSYoungGen      total 24064K, used 0K [0x00000000eab00000, 0x00000000ec800000, 0x0000000100000000)
  eden space 22016K, 0% used [0x00000000eab00000,0x00000000eab00000,0x00000000ec080000)
  from space 2048K, 0% used [0x00000000ec400000,0x00000000ec400000,0x00000000ec600000)
  to   space 2048K, 0% used [0x00000000ec600000,0x00000000ec600000,0x00000000ec800000)
 ParOldGen       total 68608K, used 17527K [0x00000000c0000000, 0x00000000c4300000, 0x00000000eab00000)
  object space 68608K, 25% used [0x00000000c0000000,0x00000000c111dcb8,0x00000000c4300000)
 Metaspace       used 34816K, committed 35840K, reserved 1114112K
  class space    used 3533K, committed 3968K, reserved 1048576K
}
Event: 11.314 GC heap before
{Heap before GC invocations=16 (full 2):
 PSYoungGen      total 24064K, used 22016K [0x00000000eab00000, 0x00000000ec800000, 0x0000000100000000)
  eden space 22016K, 100% used [0x00000000eab00000,0x00000000ec080000,0x00000000ec080000)
  from space 2048K, 0% used [0x00000000ec400000,0x00000000ec400000,0x00000000ec600000)
  to   space 2048K, 0% used [0x00000000ec600000,0x00000000ec600000,0x00000000ec800000)
 ParOldGen       total 68608K, used 17527K [0x00000000c0000000, 0x00000000c4300000, 0x00000000eab00000)
  object space 68608K, 25% used [0x00000000c0000000,0x00000000c111dcb8,0x00000000c4300000)
 Metaspace       used 37764K, committed 38912K, reserved 1114112K
  class space    used 3885K, committed 4416K, reserved 1048576K
}
Event: 11.317 GC heap after
{Heap after GC invocations=16 (full 2):
 PSYoungGen      total 24064K, used 1568K [0x00000000eab00000, 0x00000000ec800000, 0x0000000100000000)
  eden space 22016K, 0% used [0x00000000eab00000,0x00000000eab00000,0x00000000ec080000)
  from space 2048K, 76% used [0x00000000ec600000,0x00000000ec788000,0x00000000ec800000)
  to   space 2048K, 0% used [0x00000000ec400000,0x00000000ec400000,0x00000000ec600000)
 ParOldGen       total 68608K, used 17535K [0x00000000c0000000, 0x00000000c4300000, 0x00000000eab00000)
  object space 68608K, 25% used [0x00000000c0000000,0x00000000c111fcb8,0x00000000c4300000)
 Metaspace       used 37764K, committed 38912K, reserved 1114112K
  class space    used 3885K, committed 4416K, reserved 1048576K
}
Event: 11.920 GC heap before
{Heap before GC invocations=17 (full 2):
 PSYoungGen      total 24064K, used 23584K [0x00000000eab00000, 0x00000000ec800000, 0x0000000100000000)
  eden space 22016K, 100% used [0x00000000eab00000,0x00000000ec080000,0x00000000ec080000)
  from space 2048K, 76% used [0x00000000ec600000,0x00000000ec788000,0x00000000ec800000)
  to   space 2048K, 0% used [0x00000000ec400000,0x00000000ec400000,0x00000000ec600000)
 ParOldGen       total 68608K, used 17535K [0x00000000c0000000, 0x00000000c4300000, 0x00000000eab00000)
  object space 68608K, 25% used [0x00000000c0000000,0x00000000c111fcb8,0x00000000c4300000)
 Metaspace       used 40162K, committed 41216K, reserved 1114112K
  class space    used 4185K, committed 4672K, reserved 1048576K
}
Event: 11.926 GC heap after
{Heap after GC invocations=17 (full 2):
 PSYoungGen      total 23552K, used 1216K [0x00000000eab00000, 0x00000000ec680000, 0x0000000100000000)
  eden space 22016K, 0% used [0x00000000eab00000,0x00000000eab00000,0x00000000ec080000)
  from space 1536K, 79% used [0x00000000ec400000,0x00000000ec530000,0x00000000ec580000)
  to   space 1024K, 0% used [0x00000000ec580000,0x00000000ec580000,0x00000000ec680000)
 ParOldGen       total 68608K, used 18911K [0x00000000c0000000, 0x00000000c4300000, 0x00000000eab00000)
  object space 68608K, 27% used [0x00000000c0000000,0x00000000c1277cc8,0x00000000c4300000)
 Metaspace       used 40162K, committed 41216K, reserved 1114112K
  class space    used 4185K, committed 4672K, reserved 1048576K
}
Event: 13.865 GC heap before
{Heap before GC invocations=18 (full 2):
 PSYoungGen      total 23552K, used 23232K [0x00000000eab00000, 0x00000000ec680000, 0x0000000100000000)
  eden space 22016K, 100% used [0x00000000eab00000,0x00000000ec080000,0x00000000ec080000)
  from space 1536K, 79% used [0x00000000ec400000,0x00000000ec530000,0x00000000ec580000)
  to   space 1024K, 0% used [0x00000000ec580000,0x00000000ec580000,0x00000000ec680000)
 ParOldGen       total 68608K, used 18911K [0x00000000c0000000, 0x00000000c4300000, 0x00000000eab00000)
  object space 68608K, 27% used [0x00000000c0000000,0x00000000c1277cc8,0x00000000c4300000)
 Metaspace       used 42815K, committed 43904K, reserved 1114112K
  class space    used 4536K, committed 4992K, reserved 1048576K
}
Event: 13.870 GC heap after
{Heap after GC invocations=18 (full 2):
 PSYoungGen      total 23040K, used 1024K [0x00000000eab00000, 0x00000000ec680000, 0x0000000100000000)
  eden space 22016K, 0% used [0x00000000eab00000,0x00000000eab00000,0x00000000ec080000)
  from space 1024K, 100% used [0x00000000ec580000,0x00000000ec680000,0x00000000ec680000)
  to   space 3072K, 0% used [0x00000000ec080000,0x00000000ec080000,0x00000000ec380000)
 ParOldGen       total 68608K, used 20386K [0x00000000c0000000, 0x00000000c4300000, 0x00000000eab00000)
  object space 68608K, 29% used [0x00000000c0000000,0x00000000c13e89e8,0x00000000c4300000)
 Metaspace       used 42815K, committed 43904K, reserved 1114112K
  class space    used 4536K, committed 4992K, reserved 1048576K
}
Event: 15.018 GC heap before
{Heap before GC invocations=19 (full 2):
 PSYoungGen      total 23040K, used 23040K [0x00000000eab00000, 0x00000000ec680000, 0x0000000100000000)
  eden space 22016K, 100% used [0x00000000eab00000,0x00000000ec080000,0x00000000ec080000)
  from space 1024K, 100% used [0x00000000ec580000,0x00000000ec680000,0x00000000ec680000)
  to   space 3072K, 0% used [0x00000000ec080000,0x00000000ec080000,0x00000000ec380000)
 ParOldGen       total 68608K, used 20386K [0x00000000c0000000, 0x00000000c4300000, 0x00000000eab00000)
  object space 68608K, 29% used [0x00000000c0000000,0x00000000c13e89e8,0x00000000c4300000)
 Metaspace       used 45175K, committed 46272K, reserved 1114112K
  class space    used 4806K, committed 5312K, reserved 1048576K
}
Event: 15.027 GC heap after
{Heap after GC invocations=19 (full 2):
 PSYoungGen      total 25088K, used 1209K [0x00000000eab00000, 0x00000000ec600000, 0x0000000100000000)
  eden space 22016K, 0% used [0x00000000eab00000,0x00000000eab00000,0x00000000ec080000)
  from space 3072K, 39% used [0x00000000ec080000,0x00000000ec1ae5a0,0x00000000ec380000)
  to   space 2048K, 0% used [0x00000000ec400000,0x00000000ec400000,0x00000000ec600000)
 ParOldGen       total 68608K, used 21342K [0x00000000c0000000, 0x00000000c4300000, 0x00000000eab00000)
  object space 68608K, 31% used [0x00000000c0000000,0x00000000c14d79f8,0x00000000c4300000)
 Metaspace       used 45175K, committed 46272K, reserved 1114112K
  class space    used 4806K, committed 5312K, reserved 1048576K
}

